1621705912883	geckodriver	INFO	Listening on 127.0.0.1:59201
1621705915824	mozrunner::runner	INFO	Running command: "C:\\Program Files\\Mozilla Firefox\\firefox.exe" "--marionette" "-foreground" "-no-remote" "-profile" "C:\\Users\\Tanelmga\\AppData\\Local\\Temp\\rust_mozprofilexQV6qZ"
1621705916545	addons.webextension.screenshots@mozilla.org	WARN	Loading extension 'screenshots@mozilla.org': Reading manifest: Invalid extension permission: mozillaAddons
1621705916545	addons.webextension.screenshots@mozilla.org	WARN	Loading extension 'screenshots@mozilla.org': Reading manifest: Invalid extension permission: resource://pdf.js/
1621705916545	addons.webextension.screenshots@mozilla.org	WARN	Loading extension 'screenshots@mozilla.org': Reading manifest: Invalid extension permission: about:reader*
1621705918016	Marionette	INFO	Listening on port 59220
1621705918441	Marionette	WARN	TLS certificate errors will be ignored for this session
JavaScript warning: http://www.swatchclock.com/js/jquery-2.0.3.min.js, line 2: Using //@ to indicate sourceMappingURL pragmas is deprecated. Use //# instead
[Parent 24432, Gecko_IOThread] WARNING: pipe error: 109: file z:/build/build/src/ipc/chromium/src/chrome/common/ipc_channel_win.cc, line 332
[Parent 24432, Gecko_IOThread] WARNING: pipe error: 109: file z:/build/build/src/ipc/chromium/src/chrome/common/ipc_channel_win.cc, line 332
[Child 13684, Chrome_ChildThread] WARNING: pipe error: 109: file z:/build/build/src/ipc/chromium/src/chrome/common/ipc_channel_win.cc, line 332
[Child 13684, Chrome_ChildThread] WARNING: pipe error: 109: file z:/build/build/src/ipc/chromium/src/chrome/common/ipc_channel_win.cc, line 332
[Child 15464, Chrome_ChildThread] WARNING: pipe error: 109: file z:/build/build/src/ipc/chromium/src/chrome/common/ipc_channel_win.cc, line 332
[Child 15464, Chrome_ChildThread] W[Parent 24432, Gecko_IOThread] WARNING: pipe error: 109: file z:/build/build/src/ipc/chromium/src/chrome/common/ipc_channel_win.cc, line 332
[Child 24388, Chrome_ChildThread] WARNING: pipe error: 109: file z:/build/build/src/ipc/chromium/src/chrome/common/ipc_channel_win.cc, line 332
[Child 24388, Chrome_ChildThread] WARNING: pipe error: 109: file z:/build1621705940064	Marionette	INFO	Stopped listening on port 59220
[GPU 
###!!! [Child][RunMessage] Error: Channel closing: too late to send/recv, messages will be lost

11600, Chrome_ChildT
###!!! [Child][MessageChannel::SendAndWait] Error: Channel error: cannot send/recv

1621706176511	geckodriver	INFO	Listening on 127.0.0.1:59429
1621706179462	mozrunner::runner	INFO	Running command: "C:\\Program Files\\Mozilla Firefox\\firefox.exe" "--marionette" "-foreground" "-no-remote" "-profile" "C:\\Users\\Tanelmga\\AppData\\Local\\Temp\\rust_mozprofile6NEFOT"
1621706179984	addons.webextension.screenshots@mozilla.org	WARN	Loading extension 'screenshots@mozilla.org': Reading manifest: Invalid extension permission: mozillaAddons
1621706179984	addons.webextension.screenshots@mozilla.org	WARN	Loading extension 'screenshots@mozilla.org': Reading manifest: Invalid extension permission: resource://pdf.js/
1621706179984	addons.webextension.screenshots@mozilla.org	WARN	Loading extension 'screenshots@mozilla.org': Reading manifest: Invalid extension permission: about:reader*
1621706181189	Marionette	INFO	Listening on port 59439
1621706181469	Marionette	WARN	TLS certificate errors will be ignored for this session
[Child 16448, Chrome_ChildThread] WARNING: pipe error: 109: file z:/build/build/src/ipc/chromium/src/chrome/common/ipc_channel_win[.Ccc, line 332
hild 25588, Chrome_ChildThread] WARNING: pipe error: 109: file z:/build/build/src/ipc/chromium/src/chrome/common/ipc_channel_win.cc, line 332
[Child 25588, Chrome_Chi[Parent 25388, Gecko_IOThread] WARNING: pipe error: 109: file z:/build/build/src/ipc/chromium/src/chrome/common/ipc_channel_win.cc, line 332
[Child 13348, Chrome_ChildThread] WARNING: pipe error: 109: file z:/build/build/src/ipc/chromium/src/chrome/common/ipc_channel_win.cc, line 332
[Child 13348, Chrome_ChildThread] WARNING: pipe erro1621706211658	Marionette	INFO	Stopped listening on port 59439
[GPU 15316, Chrome_ChildT
###!!! [Child][MessageChannel::SendAndWait] Error: Channel error: cannot send/recv

1621707457773	geckodriver	INFO	Listening on 127.0.0.1:60339
1621707460697	mozrunner::runner	INFO	Running command: "C:\\Program Files\\Mozilla Firefox\\firefox.exe" "--marionette" "-foreground" "-no-remote" "-profile" "C:\\Users\\Tanelmga\\AppData\\Local\\Temp\\rust_mozprofilerSMVvi"
1621707461019	addons.webextension.screenshots@mozilla.org	WARN	Loading extension 'screenshots@mozilla.org': Reading manifest: Invalid extension permission: mozillaAddons
1621707461019	addons.webextension.screenshots@mozilla.org	WARN	Loading extension 'screenshots@mozilla.org': Reading manifest: Invalid extension permission: resource://pdf.js/
1621707461019	addons.webextension.screenshots@mozilla.org	WARN	Loading extension 'screenshots@mozilla.org': Reading manifest: Invalid extension permission: about:reader*
1621707462337	Marionette	INFO	Listening on port 60348
1621707462705	Marionette	WARN	TLS certificate errors will be ignored for this session
JavaScript warning: http://www.swatchclock.com/js/jquery-2.0.3.min.js, line 2: Using //@ to indicate sourceMappingURL pragmas is deprecated. Use //# instead
1621707463419	Marionette	INFO	Stopped listening on port 60348
[Child 2864, Chrome_ChildThread] WARNING: pipe error: 109: file z:/build/build/src/ipc/chromium/src/chrome/common/ipc_channel_win.cc, line 332
[Child 2864,[ Child 572, Chrome_ChildThread] WARNING: pipe error: 109: file z:/build/build/src/ipc/chromium/src/chrome/common/ipc_channel_win.cc, line 332
[Child 572, Chrome_ChildThread[Parent 15644, Gecko_IOThread] WARNING: pipe error: 109: file z:/build/build/src/ipc/chromium/src/chrome/common/ipc_channel_win.cc, line 332
[Child 19836, Chrome_ChildThread] WARNING: pipe error: 109: file z:/build/build/src/ipc/chromium/src/chrome/common/ipc_channel_win.cc, line 332
[Child 19836, Chrome_ChildThread] WAR[GPU 24240, Chrome_ChildTh
###!!! [Child][RunMessage] Error: Channel closing: too late to send/recv, messages will be lost


###!!! [Child][MessageChannel::SendAndWait] Error: Channel error: cannot send/recv

1621707761867	geckodriver	INFO	Listening on 127.0.0.1:60587
1621707764805	mozrunner::runner	INFO	Running command: "C:\\Program Files\\Mozilla Firefox\\firefox.exe" "--marionette" "--headless" "-foreground" "-no-remote" "-profile" "C:\\Users\\Tanelmga\\AppData\\Local\\Temp\\rust_mozprofileVisMW1"
*** You are running in headless mode.
1621707765128	addons.webextension.screenshots@mozilla.org	WARN	Loading extension 'screenshots@mozilla.org': Reading manifest: Invalid extension permission: mozillaAddons
1621707765128	addons.webextension.screenshots@mozilla.org	WARN	Loading extension 'screenshots@mozilla.org': Reading manifest: Invalid extension permission: resource://pdf.js/
1621707765128	addons.webextension.screenshots@mozilla.org	WARN	Loading extension 'screenshots@mozilla.org': Reading manifest: Invalid extension permission: about:reader*
1621707766037	Marionette	INFO	Listening on port 60596
1621707766312	Marionette	WARN	TLS certificate errors will be ignored for this session
JavaScript warning: http://www.swatchclock.com/js/jquery-2.0.3.min.js, line 2: Using //@ to indicate sourceMappingURL pragmas is deprecated. Use //# instead
Exiting due to channel error.
Listening on 127.0.0.1:60747
1621707931010	mozrunner::runner	INFO	Running command: "C:\\Program Files\\Mozilla Firefox\\firefox.exe" "--marionette" "--headless" "-foreground" "-no-remote" "-profile" "C:\\Users\\Tanelmga\\AppData\\Local\\Temp\\rust_mozprofile65TUEJ"
*** You are running in headless mode.
1621707931696	addons.webextension.screenshots@mozilla.org	WARN	Loading extension 'screenshots@mozilla.org': Reading manifest: Invalid extension permission: mozillaAddons
1621707931696	addons.webextension.screenshots@mozilla.org	WARN	Loading extension 'screenshots@mozilla.org': Reading manifest: Invalid extension permission: resource://pdf.js/
1621707931696	addons.webextension.screenshots@mozilla.org	WARN	Loading extension 'screenshots@mozilla.org': Reading manifest: Invalid extension permission: about:reader*
1621707933100	Marionette	INFO	Listening on port 60756
1621707933120	Marionette	WARN	TLS certificate errors will be ignored for this session
JavaScript warning: http://www.swatchclock.com/js/jquery-2.0.3.min.js, line 2: Using //@ to indicate sourceMappingURL pragmas is deprecated. Use //# instead
1621707933867	Marionette	INFO	Stopped listening on port 60756
JavaScript error: jar:file:///C:/Program%20Files/Mozilla%20Firefox/omni.ja!/components/nsUrlClassifierListManager.js, line 597: TypeError: this.tablesData[table] is undefined
[Child 9028, Chrome_ChildThread] WARNING: pipe error: 109: file z:/build/build/src/ipc/chromium/src/chrome/common/ipc_channel_win.cc, line 332
[Child 9028, Chrome_ChildThr[Child 8496, Chrome_ChildThread] WARNING: pipe error: 109: file z:/build/build/src/ipc/chromium/src/chrome/common/ipc_channel_win.cc, line 332
[Child 8496, Chrome_Ch[Child 19240, Chrome_ChildThread] WARNING: pipe error: 109: file z:/build/build/src/ipc/chromium/src/chrome/common/ipc_channel_win.cc, line 332
[Child 19240, Chrome_C1621707993419	geckodriver	INFO	Listening on 127.0.0.1:60831
1621707996332	mozrunner::runner	INFO	Running command: "C:\\Program Files\\Mozilla Firefox\\firefox.exe" "--marionette" "--headless" "-foreground" "-no-remote" "-profile" "C:\\Users\\Tanelmga\\AppData\\Local\\Temp\\rust_mozprofileyPHfBB"
*** You are running in headless mode.
1621707996864	addons.webextension.screenshots@mozilla.org	WARN	Loading extension 'screenshots@mozilla.org': Reading manifest: Invalid extension permission: mozillaAddons
1621707996864	addons.webextension.screenshots@mozilla.org	WARN	Loading extension 'screenshots@mozilla.org': Reading manifest: Invalid extension permission: resource://pdf.js/
1621707996864	addons.webextension.screenshots@mozilla.org	WARN	Loading extension 'screenshots@mozilla.org': Reading manifest: Invalid extension permission: about:reader*
1621707997755	Marionette	INFO	Listening on port 60840
1621707997849	Marionette	WARN	TLS certificate errors will be ignored for this session
JavaScript warning: http://www.swatchclock.com/js/jquery-2.0.3.min.js, line 2: Using //@ to indicate sourceMappingURL pragmas is deprecated. Use //# instead
1621707998513	Marionette	INFO	Stopped listening on port 60840
[Child 24944, Chrome_ChildThread] WARNING: pipe error: 109: file z:/build/build/src/ipc/chromium/src/chrome/common/ipc_channel_win.cc, line 332
[Child 24944, Chrome_ChildThread] WAR[Child 1576, Chrome_ChildThread] WARNING: pipe error: 232: file z:/build/build/src/ipc/chromium/src/chrome/common/ipc_channel_win.cc, line 493
[Child 1576, Chrome_ChildThread] WARNING: pipe error: 109: file z:/build/build/src/ipc/chromium/src/chrome/common/ipc_channel_win.cc, line 332
[Child 1576, Chrome_ChildThread] WARNING: pipe err[Child 16376, Chrome_ChildThread] WARNING: pipe error: 109: file z:/build/build/src/ipc/chromium/src/chrome/common/ipc_channel_win.cc, line 332
[Child 16376, Chrome1621708176440	geckodriver	INFO	Listening on 127.0.0.1:61006
1621708179361	mozrunner::runner	INFO	Running command: "C:\\Program Files\\Mozilla Firefox\\firefox.exe" "--marionette" "--headless" "-foreground" "-no-remote" "-profile" "C:\\Users\\Tanelmga\\AppData\\Local\\Temp\\rust_mozprofileSfVX24"
*** You are running in headless mode.
1621708179891	addons.webextension.screenshots@mozilla.org	WARN	Loading extension 'screenshots@mozilla.org': Reading manifest: Invalid extension permission: mozillaAddons
1621708179891	addons.webextension.screenshots@mozilla.org	WARN	Loading extension 'screenshots@mozilla.org': Reading manifest: Invalid extension permission: resource://pdf.js/
1621708179891	addons.webextension.screenshots@mozilla.org	WARN	Loading extension 'screenshots@mozilla.org': Reading manifest: Invalid extension permission: about:reader*
1621708180834	Marionette	INFO	Listening on port 61015
1621708180880	Marionette	WARN	TLS certificate errors will be ignored for this session
JavaScript warning: http://www.swatchclock.com/js/jquery-2.0.3.min.js, line 2: Using //@ to indicate sourceMappingURL pragmas is deprecated. Use //# instead
1621708181608	Marionette	INFO	Stopped listening on port 61015
[Child 24668, Chrome_ChildThread] WARNING: pipe error: 109: file z:/build/build/src/ipc/chromium/src/chrome/common/ipc_channel_win.cc, line 332
[Child 24668, Chrome_ChildThread] WARNING: pipe error: 109: file z:/bui[lCdhild 19560, Chrome_ChildThread] WARNING: pipe error: 109: file z:/build/build/src/ipc/chromium/src/chrome/common/ipc_channel_win.cc, line 332
[Child 19560, Chrome_ChildThread] WARNING: pipe error: [Child 19192, Chrome_ChildThread] WARNING: pipe error: 109: file z:/build/build/src/ipc/chromium/src/chrome/common/ipc_channel_win.cc, line 332
[Child 19192, Chrome_1621708272080	geckodriver	INFO	Listening on 127.0.0.1:61108
1621708275003	mozrunner::runner	INFO	Running command: "C:\\Program Files\\Mozilla Firefox\\firefox.exe" "--marionette" "--headless" "-foreground" "-no-remote" "-profile" "C:\\Users\\Tanelmga\\AppData\\Local\\Temp\\rust_mozprofile8d0Ufy"
*** You are running in headless mode.
1621708275341	addons.webextension.screenshots@mozilla.org	WARN	Loading extension 'screenshots@mozilla.org': Reading manifest: Invalid extension permission: mozillaAddons
1621708275341	addons.webextension.screenshots@mozilla.org	WARN	Loading extension 'screenshots@mozilla.org': Reading manifest: Invalid extension permission: resource://pdf.js/
1621708275341	addons.webextension.screenshots@mozilla.org	WARN	Loading extension 'screenshots@mozilla.org': Reading manifest: Invalid extension permission: about:reader*
1621708276269	Marionette	INFO	Listening on port 61117
1621708276512	Marionette	WARN	TLS certificate errors will be ignored for this session
JavaScript warning: http://www.swatchclock.com/js/jquery-2.0.3.min.js, line 2: Using //@ to indicate sourceMappingURL pragmas is deprecated. Use //# instead
1621708277142	Marionette	INFO	Stopped listening on port 61117
[Child 12000, Chrome_ChildThread] WARNING: pipe error: 109: file z:/build/build/src/ipc/chromium/src/chrome/common/ipc_channel_win.cc, line 332
[Child 12000, Chrome_Chil[Child 24044, Chrome_ChildThread] WARNING: pipe error: 232: file z:/build/build/src/ipc/chromium/src/chrome/common/ipc_channel_win.cc, line 493
[Child 24044, Chrome_ChildThread] WARNING: pipe error: 232: file z:/build/build/src/ipc/chromium/src/chrome/common/ipc_channel_win.cc, line 493
[Child 24044, Chrome_ChildThread] WARNING: pipe error: 109: file z:/build/build/src/ipc/chromium/src/chrome/common/ipc_channel_win.cc, line 332
[Child 24044, Chrome_ChildThread] WARNING: pipe error: 109: file z:/build/build/src/ipc/chromium/src/chrome/common/ipc_channel_win.cc, line 332
[Child 2832, Chrome_ChildThread] WARNING: pipe error: 109: file z:/build/build/src/ipc/chromium/src/chrome/common/ipc_channel_win.cc, line 332
[Child 2832, Chrome_Chil1621708346002	geckodriver	INFO	Listening on 127.0.0.1:61203
1621708348930	mozrunner::runner	INFO	Running command: "C:\\Program Files\\Mozilla Firefox\\firefox.exe" "--marionette" "--headless" "-foreground" "-no-remote" "-profile" "C:\\Users\\Tanelmga\\AppData\\Local\\Temp\\rust_mozprofileco3vqR"
*** You are running in headless mode.
1621708349249	addons.webextension.screenshots@mozilla.org	WARN	Loading extension 'screenshots@mozilla.org': Reading manifest: Invalid extension permission: mozillaAddons
1621708349250	addons.webextension.screenshots@mozilla.org	WARN	Loading extension 'screenshots@mozilla.org': Reading manifest: Invalid extension permission: resource://pdf.js/
1621708349250	addons.webextension.screenshots@mozilla.org	WARN	Loading extension 'screenshots@mozilla.org': Reading manifest: Invalid extension permission: about:reader*
1621708350176	Marionette	INFO	Listening on port 61212
1621708350439	Marionette	WARN	TLS certificate errors will be ignored for this session
JavaScript warning: http://www.swatchclock.com/js/jquery-2.0.3.min.js, line 2: Using //@ to indicate sourceMappingURL pragmas is deprecated. Use //# instead
1621708351086	Marionette	INFO	Stopped listening on port 61212
[Child 17848, Chrome_ChildThread] WARNING: pipe error: 109: file z:/build/build/src/ipc/chromium/src/chrome/common/ipc_channel_win.cc, line 332
[Child 17848, Chrome_ChildThre[Child 24248, Chrome_ChildThread] WARNING: pipe error: 109: file z:/build/build/src/ipc/chromium/src/chrome/common/ipc_channel_win.cc, line 332
[Child 24248, Chrome_C[Child 23116, Chrome_ChildThread] WARNING: pipe error: 109: file z:/build/build/src/ipc/chromium/src/chrome/common/ipc_channel_win.cc, line 332
[Child 23116, Chrom1621708577001	geckodriver	INFO	Listening on 127.0.0.1:61411
1621708579921	mozrunner::runner	INFO	Running command: "C:\\Program Files\\Mozilla Firefox\\firefox.exe" "--marionette" "--headless" "--headless" "--headless" "--headless" "-foreground" "-no-remote" "-profile" "C:\\Users\\Tanelmga\\AppData\\Local\\Temp\\rust_mozprofileelVSvq"
*** You are running in headless mode.
1621708580247	addons.webextension.screenshots@mozilla.org	WARN	Loading extension 'screenshots@mozilla.org': Reading manifest: Invalid extension permission: mozillaAddons
1621708580248	addons.webextension.screenshots@mozilla.org	WARN	Loading extension 'screenshots@mozilla.org': Reading manifest: Invalid extension permission: resource://pdf.js/
1621708580248	addons.webextension.screenshots@mozilla.org	WARN	Loading extension 'screenshots@mozilla.org': Reading manifest: Invalid extension permission: about:reader*
1621708581183	Marionette	INFO	Listening on port 61425
1621708581428	Marionette	WARN	TLS certificate errors will be ignored for this session
JavaScript warning: http://www.swatchclock.com/js/jquery-2.0.3.min.js, line 2: Using //@ to indicate sourceMappingURL pragmas is deprecated. Use //# instead
1621708582243	Marionette	INFO	Stopped listening on port 61425
[Child 1692, Chrome_ChildThread] WARNING: pipe error: 109: file z:/build/build/src/ipc/chromium/src/chrome/common/ipc_channel_win.cc, line 332
[Child 1692, Chrome_ChildThrea[Child 1016, Chrome_ChildThread] WARNING: pipe error: 109: file z:/build/build/src/ipc/chromium/src/chrome/common/ipc_channel_win.cc, line 332
[Child 1016, Chrome_ChildThread] [Child 3988, Chrome_ChildThread] WARNING: pipe error: 109: file z:/build/build/src/ipc/chromium/src/chrome/common/ipc_channel_win.cc, line 332
[Child 3981621711101816	geckodriver	INFO	Listening on 127.0.0.1:63268
1621711104724	mozrunner::runner	INFO	Running command: "C:\\Program Files\\Mozilla Firefox\\firefox.exe" "--marionette" "--headless" "--headless" "--headless" "--headless" "-foreground" "-no-remote" "-profile" "C:\\Users\\Tanelmga\\AppData\\Local\\Temp\\rust_mozprofileQ6NQhC"
*** You are running in headless mode.
1621711105280	addons.webextension.screenshots@mozilla.org	WARN	Loading extension 'screenshots@mozilla.org': Reading manifest: Invalid extension permission: mozillaAddons
1621711105280	addons.webextension.screenshots@mozilla.org	WARN	Loading extension 'screenshots@mozilla.org': Reading manifest: Invalid extension permission: resource://pdf.js/
1621711105281	addons.webextension.screenshots@mozilla.org	WARN	Loading extension 'screenshots@mozilla.org': Reading manifest: Invalid extension permission: about:reader*
1621711106735	Marionette	INFO	Listening on port 63281
1621711106850	Marionette	WARN	TLS certificate errors will be ignored for this session
JavaScript warning: http://www.swatchclock.com/js/jquery-2.0.3.min.js, line 2: Using //@ to indicate sourceMappingURL pragmas is deprecated. Use //# instead
1621711107876	Marionette	INFO	Stopped listening on port 63281
[Child 25388, Chrome_ChildThread] WARNING: pipe error: 109: file z:/build/build/src/ipc/chromium/src/chrome/common/ipc_channel_win.cc, line 332
[Child 24660, Chrome_ChildThread] WARNING: pipe error: 109: file z:/build/build/src/ipc/chromium/src/chrome/common/ipc_channel_win.cc, line 332
[Child 24660, Chrome_ChildThread] WARN[Child 14752, Chrome_ChildThread] WARNING: pipe error: 109: file z:/build/build/src/ipc/chromium/src/chrome/common/ipc_channel_win.cc, line 332
[Child 14752, Chrome_1621711176316	geckodriver	INFO	Listening on 127.0.0.1:63353
1621711179216	mozrunner::runner	INFO	Running command: "C:\\Program Files\\Mozilla Firefox\\firefox.exe" "--marionette" "--headless" "--headless" "--headless" "--headless" "-foreground" "-no-remote" "-profile" "C:\\Users\\Tanelmga\\AppData\\Local\\Temp\\rust_mozprofileuNP728"
*** You are running in headless mode.
1621711179944	addons.webextension.screenshots@mozilla.org	WARN	Loading extension 'screenshots@mozilla.org': Reading manifest: Invalid extension permission: mozillaAddons
1621711179945	addons.webextension.screenshots@mozilla.org	WARN	Loading extension 'screenshots@mozilla.org': Reading manifest: Invalid extension permission: resource://pdf.js/
1621711179945	addons.webextension.screenshots@mozilla.org	WARN	Loading extension 'screenshots@mozilla.org': Reading manifest: Invalid extension permission: about:reader*
1621711181350	Marionette	INFO	Listening on port 63366
1621711181831	Marionette	WARN	TLS certificate errors will be ignored for this session
JavaScript warning: http://www.swatchclock.com/js/jquery-2.0.3.min.js, line 2: Using //@ to indicate sourceMappingURL pragmas is deprecated. Use //# instead
1621711182716	Marionette	INFO	Stopped listening on port 63366
[Child 7384, Chrome_ChildThread] WARNING: pipe error: 109: file z:/build/build/src/ipc/chromium/src/chrome/common/ipc_channel_win.cc, line 332
[Child 7384, Chrome_[1621715916975	geckodriver	INFO	Listening on 127.0.0.1:50869
1621715919916	mozrunner::runner	INFO	Running command: "C:\\Program Files\\Mozilla Firefox\\firefox.exe" "--marionette" "--headless" "--headless" "--headless" "--headless" "-foreground" "-no-remote" "-profile" "C:\\Users\\Tanelmga\\AppData\\Local\\Temp\\rust_mozprofileIkUVq2"
*** You are running in headless mode.
1621715920486	addons.webextension.screenshots@mozilla.org	WARN	Loading extension 'screenshots@mozilla.org': Reading manifest: Invalid extension permission: mozillaAddons
1621715920487	addons.webextension.screenshots@mozilla.org	WARN	Loading extension 'screenshots@mozilla.org': Reading manifest: Invalid extension permission: resource://pdf.js/
1621715920487	addons.webextension.screenshots@mozilla.org	WARN	Loading extension 'screenshots@mozilla.org': Reading manifest: Invalid extension permission: about:reader*
1621715921429	Marionette	INFO	Listening on port 50882
1621715921925	Marionette	WARN	TLS certificate errors will be ignored for this session
JavaScript warning: http://www.swatchclock.com/js/jquery-2.0.3.min.js, line 2: Using //@ to indicate sourceMappingURL pragmas is deprecated. Use //# instead
1621715922923	Marionette	INFO	Stopped listening on port 50882
JavaScript error: jar:file:///C:/Program%20Files/Mozilla%20Firefox/omni.ja!/components/nsUrlClassifierListManager.js, line 597: TypeError: this.tablesData[table] is undefined
[Parent 12272, Gecko_IOThread] WARNING: pipe error: 109: file z:/build/build/src/ipc/chromium/src/chrome/common/ipc_channel_win.cc, line 332
[Child 10168, Chrome_ChildThread] WARNING: pipe error: 109: file z:/build/build/src/ipc/chromium/src/chrome/common/ipc_channel_win.cc, line 332
[Child 10168, Chr[Child 23692, Chrome_ChildThread] WARNING: pipe error: 109: file z:/build/build/src/ipc/chromium/src/chrome/common/ipc_channel_win.cc, line 332
[Child 23692, Chrome_Chi[Child 12052, Chrome_ChildThread] WARNING: pipe error: 109: file z:/build/build/src/ipc/chromium/src/chrome/common/ipc_channel_win.cc, line 332
[Child 12052, Chrome_Child1621716128755	geckodriver	INFO	Listening on 127.0.0.1:51051
1621716131688	mozrunner::runner	INFO	Running command: "C:\\Program Files\\Mozilla Firefox\\firefox.exe" "--marionette" "--headless" "--headless" "--headless" "--headless" "-foreground" "-no-remote" "-profile" "C:\\Users\\Tanelmga\\AppData\\Local\\Temp\\rust_mozprofilen72T7E"
*** You are running in headless mode.
1621716132070	addons.webextension.screenshots@mozilla.org	WARN	Loading extension 'screenshots@mozilla.org': Reading manifest: Invalid extension permission: mozillaAddons
1621716132070	addons.webextension.screenshots@mozilla.org	WARN	Loading extension 'screenshots@mozilla.org': Reading manifest: Invalid extension permission: resource://pdf.js/
1621716132070	addons.webextension.screenshots@mozilla.org	WARN	Loading extension 'screenshots@mozilla.org': Reading manifest: Invalid extension permission: about:reader*
1621716133121	Marionette	INFO	Listening on port 51060
1621716133201	Marionette	WARN	TLS certificate errors will be ignored for this session
JavaScript warning: http://www.swatchclock.com/js/jquery-2.0.3.min.js, line 2: Using //@ to indicate sourceMappingURL pragmas is deprecated. Use //# instead
1621716134033	Marionette	INFO	Stopped listening on port 51060
[Child 17032, Chrome_ChildThread] WARNING: pipe error: 109: file z:/build/build/src/ipc/chromium/src/chrome/common/ipc_channel_win.cc, line 332
[Child 17032, Chrome_ChildThread] WA[Child 24864, Chrome_ChildThread] WARNING: pipe error: 109: file z:/build/build/src/ipc/chromium/src/chrome/common/ipc_channel_win.cc, line 332
[Child 24864, Chrome[Child 23500, Chrome_ChildThread] WARNING: pipe error: 109: file z:/build/build/src/ipc/chromium/src/chrome/common/ipc_channel_win.cc, line 332
[Child 23500, Chrome_Chil1621730042658	geckodriver	INFO	Listening on 127.0.0.1:60458
1621730045610	mozrunner::runner	INFO	Running command: "C:\\Program Files\\Mozilla Firefox\\firefox.exe" "--marionette" "--headless" "--headless" "--headless" "--headless" "-foreground" "-no-remote" "-profile" "C:\\Users\\Tanelmga\\AppData\\Local\\Temp\\rust_mozprofileNWXQjm"
*** You are running in headless mode.
1621730046162	addons.webextension.screenshots@mozilla.org	WARN	Loading extension 'screenshots@mozilla.org': Reading manifest: Invalid extension permission: mozillaAddons
1621730046162	addons.webextension.screenshots@mozilla.org	WARN	Loading extension 'screenshots@mozilla.org': Reading manifest: Invalid extension permission: resource://pdf.js/
1621730046162	addons.webextension.screenshots@mozilla.org	WARN	Loading extension 'screenshots@mozilla.org': Reading manifest: Invalid extension permission: about:reader*
1621730047056	Marionette	INFO	Listening on port 60468
1621730047121	Marionette	WARN	TLS certificate errors will be ignored for this session
JavaScript warning: http://www.swatchclock.com/js/jquery-2.0.3.min.js, line 2: Using //@ to indicate sourceMappingURL pragmas is deprecated. Use //# instead
1621730047933	Marionette	INFO	Stopped listening on port 60468
[Child 17908, Chrome_ChildThread] WARNING: pipe error: 109: file z:/build/build/src/ipc/chromium/src/chrome/common/ipc_channel_win.cc, line 332
[Child 17908, Chrome_ChildThread] WARNING: pip[Child 15940, Chrome_ChildThread] WARNING: pipe error: 232: file z:/build/build/src/ipc/chromium/src/chrome/common/ipc_channel_win.cc, line 493
[Child 15940, Chrome_ChildThread] WARNING: pipe error: 109: file z:/build/build/src/ipc/chromium/src/chrome/common/ipc_channel_win.cc, line 332
[Child 15940, Chrome[Child 25584, Chrome_ChildThread] WARNING: pipe error: 109: file z:/build/build/src/ipc/chromium/src/chrome/common/ipc_channel_win.cc, line 332
[Child 25584, Chrome_Ch1621778328486	geckodriver	INFO	Listening on 127.0.0.1:59603
1621778331455	mozrunner::runner	INFO	Running command: "C:\\Program Files\\Mozilla Firefox\\firefox.exe" "--marionette" "--headless" "--headless" "--headless" "--headless" "-foreground" "-no-remote" "-profile" "C:\\Users\\Tanelmga\\AppData\\Local\\Temp\\rust_mozprofile9yRIDH"
*** You are running in headless mode.
1621778331955	addons.webextension.screenshots@mozilla.org	WARN	Loading extension 'screenshots@mozilla.org': Reading manifest: Invalid extension permission: mozillaAddons
1621778331955	addons.webextension.screenshots@mozilla.org	WARN	Loading extension 'screenshots@mozilla.org': Reading manifest: Invalid extension permission: resource://pdf.js/
1621778331955	addons.webextension.screenshots@mozilla.org	WARN	Loading extension 'screenshots@mozilla.org': Reading manifest: Invalid extension permission: about:reader*
1621778332678	Marionette	INFO	Listening on port 59616
1621778332965	Marionette	WARN	TLS certificate errors will be ignored for this session
JavaScript warning: http://www.swatchclock.com/js/jquery-2.0.3.min.js, line 2: Using //@ to indicate sourceMappingURL pragmas is deprecated. Use //# instead
1621778333786	Marionette	INFO	Stopped listening on port 59616
[Child 23572, Chrome_ChildThread] WARNING: pipe error: 109: file z:/build/build/src/ipc/chromium/src/chrome/common/ipc_channel_win.cc, line 332
[Child 23572, Chrome_ChildThread[Child 12604, Chrome_ChildThread] WARNING: pipe error: 109: file z:/build/build/src/ipc/chromium/src/chrome/common/ipc_channel_win.cc, line 332
[Child 12604, Chrome_[Child 23844, Chrome_ChildThread] WARNING: pipe error: 109: file z:/build/build/src/ipc/chromium/src/chrome/common/ipc_channel_win.cc, line 332
[Child 23844, Chrome_Chil1622278952348	geckodriver	INFO	Listening on 127.0.0.1:57987
1622278955260	mozrunner::runner	INFO	Running command: "C:\\Program Files\\Mozilla Firefox\\firefox.exe" "--marionette" "--headless" "-foreground" "-no-remote" "-profile" "C:\\Users\\Tanelmga\\AppData\\Local\\Temp\\rust_mozprofilekGANm7"
*** You are running in headless mode.
1622278955917	addons.webextension.screenshots@mozilla.org	WARN	Loading extension 'screenshots@mozilla.org': Reading manifest: Invalid extension permission: mozillaAddons
1622278955917	addons.webextension.screenshots@mozilla.org	WARN	Loading extension 'screenshots@mozilla.org': Reading manifest: Invalid extension permission: resource://pdf.js/
1622278955917	addons.webextension.screenshots@mozilla.org	WARN	Loading extension 'screenshots@mozilla.org': Reading manifest: Invalid extension permission: about:reader*
1622278956812	Marionette	INFO	Listening on port 57998
1622278957274	Marionette	WARN	TLS certificate errors will be ignored for this session
JavaScript warning: http://www.swatchclock.com/js/jquery-2.0.3.min.js, line 2: Using //@ to indicate sourceMappingURL pragmas is deprecated. Use //# instead
1622278958216	Marionette	INFO	Stopped listening on port 57998
[Child 22544, Chrome_ChildThread] WARNING: pipe error: 109: file z:/build/build/src/ipc/chromium/src/chrome/common/ipc_channel_win.cc, line 332
[Child 22544, Chrome_Chil[Child 22072, Chrome_ChildThread] WARNING: pipe error: 109: file z:/build/build/src/ipc/chromium/src/chrome/common/ipc_channel_win.cc, line 332
[Child 22072, Chrome[1622407498562	geckodriver	INFO	Listening on 127.0.0.1:51714
1622407501475	mozrunner::runner	INFO	Running command: "C:\\Program Files\\Mozilla Firefox\\firefox.exe" "--marionette" "--headless" "-foreground" "-no-remote" "-profile" "C:\\Users\\Tanelmga\\AppData\\Local\\Temp\\rust_mozprofileXjhrgy"
*** You are running in headless mode.
1622407502297	addons.webextension.screenshots@mozilla.org	WARN	Loading extension 'screenshots@mozilla.org': Reading manifest: Invalid extension permission: mozillaAddons
1622407502297	addons.webextension.screenshots@mozilla.org	WARN	Loading extension 'screenshots@mozilla.org': Reading manifest: Invalid extension permission: resource://pdf.js/
1622407502297	addons.webextension.screenshots@mozilla.org	WARN	Loading extension 'screenshots@mozilla.org': Reading manifest: Invalid extension permission: about:reader*
1622407504051	Marionette	INFO	Listening on port 51723
1622407504088	Marionette	WARN	TLS certificate errors will be ignored for this session
JavaScript warning: http://www.swatchclock.com/js/jquery-2.0.3.min.js, line 2: Using //@ to indicate sourceMappingURL pragmas is deprecated. Use //# instead
1622407504905	Marionette	INFO	Stopped listening on port 51723
[Child 1008, Chrome_ChildThread] WARNING: pipe error: 109: file z:/build/build/src/ipc/chromium/src/chrome/common/ipc_channel_win.cc, line 332
[Child 1008, Chrome_ChildThread] WARNING: pipe er1623067624346	geckodriver	INFO	Listening on 127.0.0.1:64115
1623067627266	mozrunner::runner	INFO	Running command: "C:\\Program Files\\Mozilla Firefox\\firefox.exe" "--marionette" "--headless" "-foreground" "-no-remote" "-profile" "C:\\Users\\Tanelmga\\AppData\\Local\\Temp\\rust_mozprofileFj28Qn"
*** You are running in headless mode.
1623067628106	addons.webextension.screenshots@mozilla.org	WARN	Loading extension 'screenshots@mozilla.org': Reading manifest: Invalid extension permission: mozillaAddons
1623067628107	addons.webextension.screenshots@mozilla.org	WARN	Loading extension 'screenshots@mozilla.org': Reading manifest: Invalid extension permission: resource://pdf.js/
1623067628107	addons.webextension.screenshots@mozilla.org	WARN	Loading extension 'screenshots@mozilla.org': Reading manifest: Invalid extension permission: about:reader*
1623067629716	Marionette	INFO	Listening on port 64124
1623067629907	Marionette	WARN	TLS certificate errors will be ignored for this session
JavaScript warning: http://www.swatchclock.com/js/jquery-2.0.3.min.js, line 2: Using //@ to indicate sourceMappingURL pragmas is deprecated. Use //# instead
1623067630812	Marionette	INFO	Stopped listening on port 64124
[Child 16412, Chrome_ChildThread] WARNING: pipe error: 109: file z:/build/build/src/ipc/chromium/src/chrome/common/ipc_channel_win.cc, line 332
[Child 16412, Chro[Child 20248, Chrome_ChildThread] WARNING: pipe error: 109: file z:/build/build/src/ipc/chromium/src/chrome/common/ipc_channel_win.cc, line 332
[Child 20248, Chrome_ChildThrea[Child 22472, Chrome_ChildThread] WARNING: pipe error: 109: file z:/build/build/src/ipc/chromium/src/chrome/common/ipc_channel_win.cc, line 332
[Child 22472, Chrome_Chi1623887935223	geckodriver	INFO	Listening on 127.0.0.1:62326
1623887938153	mozrunner::runner	INFO	Running command: "C:\\Program Files\\Mozilla Firefox\\firefox.exe" "--marionette" "--headless" "-foreground" "-no-remote" "-profile" "C:\\Users\\Tanelmga\\AppData\\Local\\Temp\\rust_mozprofilelBuewg"
*** You are running in headless mode.
1623887939109	addons.webextension.screenshots@mozilla.org	WARN	Loading extension 'screenshots@mozilla.org': Reading manifest: Invalid extension permission: mozillaAddons
1623887939109	addons.webextension.screenshots@mozilla.org	WARN	Loading extension 'screenshots@mozilla.org': Reading manifest: Invalid extension permission: resource://pdf.js/
1623887939109	addons.webextension.screenshots@mozilla.org	WARN	Loading extension 'screenshots@mozilla.org': Reading manifest: Invalid extension permission: about:reader*
1623887941066	Marionette	INFO	Listening on port 62339
1623887941274	Marionette	WARN	TLS certificate errors will be ignored for this session
JavaScript warning: http://www.swatchclock.com/js/jquery-2.0.3.min.js, line 2: Using //@ to indicate sourceMappingURL pragmas is deprecated. Use //# instead
1623887942231	Marionette	INFO	Stopped listening on port 62339
[Child 21596, Chrome_ChildThread] WARNING: pipe error: 109: file z:/build/build/src/ipc/chromium/src/chrome/common/ipc_channel_win.cc, line 332
[Child 17580, Chrome_ChildThread] WARNING: pipe error: 109: file z:/build/build/src/ipc/chromium/src/chrome/common/ipc_channel_win.cc, line 332
[Child 17580, Chrome_ChildThread] WARNING: pipe error: 109: file z:/build/build/src/ipc/chromium/src/chrome/common/ipc_channel_win.cc, line 332
[Parent 16696, Gecko_IOThread] WARNING: pipe error: 109: file z:/build/build/src/ipc/chromium/src/chrome/common/ipc_channel_win.cc, line 332
1623889917991	geckodriver	INFO	Listening on 127.0.0.1:53801
1623889920925	mozrunner::runner	INFO	Running command: "C:\\Program Files\\Mozilla Firefox\\firefox.exe" "--marionette" "--headless" "-foreground" "-no-remote" "-profile" "C:\\Users\\Tanelmga\\AppData\\Local\\Temp\\rust_mozprofile0DnWEj"
*** You are running in headless mode.
1623889921461	addons.webextension.screenshots@mozilla.org	WARN	Loading extension 'screenshots@mozilla.org': Reading manifest: Invalid extension permission: mozillaAddons
1623889921462	addons.webextension.screenshots@mozilla.org	WARN	Loading extension 'screenshots@mozilla.org': Reading manifest: Invalid extension permission: resource://pdf.js/
1623889921462	addons.webextension.screenshots@mozilla.org	WARN	Loading extension 'screenshots@mozilla.org': Reading manifest: Invalid extension permission: about:reader*
1623889922495	Marionette	INFO	Listening on port 53814
1623889922934	Marionette	WARN	TLS certificate errors will be ignored for this session
JavaScript warning: http://www.swatchclock.com/js/jquery-2.0.3.min.js, line 2: Using //@ to indicate sourceMappingURL pragmas is deprecated. Use //# instead
1623889923809	Marionette	INFO	Stopped listening on port 53814
[Child 15128, Chrome_ChildThread] WARNING: pipe error: 109: file z:/build/build/src/ipc/chromium/src/chrome/common/ipc_channel_win.cc, line 332
[Child 15128, Chrome_ChildThread] WARNING: pipe erro[Child 9420, Chrome_ChildThread] WARNING: pipe error: 109: file z:/build/build/src/ipc/chromium/src/chrome/common/ipc_channel_win.cc, line 332
[Child 9420, Chrome_C1623890219597	geckodriver	INFO	Listening on 127.0.0.1:49404
1623890222530	mozrunner::runner	INFO	Running command: "C:\\Program Files\\Mozilla Firefox\\firefox.exe" "--marionette" "--headless" "-foreground" "-no-remote" "-profile" "C:\\Users\\Tanelmga\\AppData\\Local\\Temp\\rust_mozprofileSN5qbG"
*** You are running in headless mode.
1623890223042	addons.webextension.screenshots@mozilla.org	WARN	Loading extension 'screenshots@mozilla.org': Reading manifest: Invalid extension permission: mozillaAddons
1623890223042	addons.webextension.screenshots@mozilla.org	WARN	Loading extension 'screenshots@mozilla.org': Reading manifest: Invalid extension permission: resource://pdf.js/
1623890223042	addons.webextension.screenshots@mozilla.org	WARN	Loading extension 'screenshots@mozilla.org': Reading manifest: Invalid extension permission: about:reader*
1623890223812	Marionette	INFO	Listening on port 63689
1623890224041	Marionette	WARN	TLS certificate errors will be ignored for this session
JavaScript warning: http://www.swatchclock.com/js/jquery-2.0.3.min.js, line 2: Using //@ to indicate sourceMappingURL pragmas is deprecated. Use //# instead
1623890224791	Marionette	INFO	Stopped listening on port 63689
[Parent 16572, Gecko_IOThread] WARNING: pipe error: 109: file z:/build/build/src/ipc/chromium/src/chrome/common/ipc_channel_win.cc, line 332
[Child 21556, Chrome_ChildThread] WARNING: pipe error: 109: file z:/build/build/src/ipc/chromium/src/chrome/common/ipc_channel_win.cc, line 332
[Child 21556, Chrome[Child 21912, Chrome_ChildThread] WARNING: pipe error: 109: file z:/build/build/src/ipc/chromium/src/chrome/common/ipc_channel_win.cc, line 332
[Child 21912, Chrome_Ch1623890302850	geckodriver	INFO	Listening on 127.0.0.1:63769
1623890305779	mozrunner::runner	INFO	Running command: "C:\\Program Files\\Mozilla Firefox\\firefox.exe" "--marionette" "--headless" "-foreground" "-no-remote" "-profile" "C:\\Users\\Tanelmga\\AppData\\Local\\Temp\\rust_mozprofileFWyaoi"
*** You are running in headless mode.
1623890306074	addons.webextension.screenshots@mozilla.org	WARN	Loading extension 'screenshots@mozilla.org': Reading manifest: Invalid extension permission: mozillaAddons
1623890306074	addons.webextension.screenshots@mozilla.org	WARN	Loading extension 'screenshots@mozilla.org': Reading manifest: Invalid extension permission: resource://pdf.js/
1623890306074	addons.webextension.screenshots@mozilla.org	WARN	Loading extension 'screenshots@mozilla.org': Reading manifest: Invalid extension permission: about:reader*
1623890306828	Marionette	INFO	Listening on port 63778
1623890307288	Marionette	WARN	TLS certificate errors will be ignored for this session
JavaScript warning: http://www.swatchclock.com/js/jquery-2.0.3.min.js, line 2: Using //@ to indicate sourceMappingURL pragmas is deprecated. Use //# instead
1623890308104	Marionette	INFO	Stopped listening on port 63778
[Child 11916, Chrome_ChildThread] WARNING: pipe error: 109: file z:/build/build/src/ipc/chromium/src/chrome/common/ipc_channel_win.cc, line 332
[Child 11916, Chrome_[Child 10224, Chrome_ChildThread] WARNING: pipe error: 109: file z:/build/build/src/ipc/chromium/src/chrome/common/ipc_channel_win.cc, line 332
[Child 10224, Chrome_Ch[Parent 21900, Gecko_IOThread] WARNING: pipe error: 109: file z:/build/build/src/ipc/chromium/src/chrome/common/ipc_channel_win.cc, line 332
1623890372860	geckodriver	INFO	Listening on 127.0.0.1:63850
1623890375790	mozrunner::runner	INFO	Running command: "C:\\Program Files\\Mozilla Firefox\\firefox.exe" "--marionette" "--headless" "-foreground" "-no-remote" "-profile" "C:\\Users\\Tanelmga\\AppData\\Local\\Temp\\rust_mozprofile2cZr9t"
*** You are running in headless mode.
1623890376080	addons.webextension.screenshots@mozilla.org	WARN	Loading extension 'screenshots@mozilla.org': Reading manifest: Invalid extension permission: mozillaAddons
1623890376081	addons.webextension.screenshots@mozilla.org	WARN	Loading extension 'screenshots@mozilla.org': Reading manifest: Invalid extension permission: resource://pdf.js/
1623890376081	addons.webextension.screenshots@mozilla.org	WARN	Loading extension 'screenshots@mozilla.org': Reading manifest: Invalid extension permission: about:reader*
1623890376826	Marionette	INFO	Listening on port 63859
1623890377297	Marionette	WARN	TLS certificate errors will be ignored for this session
JavaScript warning: http://www.swatchclock.com/js/jquery-2.0.3.min.js, line 2: Using //@ to indicate sourceMappingURL pragmas is deprecated. Use //# instead
1623890378041	Marionette	INFO	Stopped listening on port 63859
[Child 6808, Chrome_ChildThread] WARNING: pipe error: 109: file z:/build/build/src/ipc/chromium/src/chrome/common/ipc_channel_win.cc, line 332
[Child 6808, Chrome_C[Child 14396, Chrome_ChildThread] WARNING: pipe error: 232: file z:/build/build/src/ipc/chromium/src/chrome/common/ipc_channel_win.cc, line 493
[Child 14396, Chrome_ChildThread] WARNING: pipe error: 109: file z:/build/build/src/ipc/chromium/src/chrome/common/ipc_channel_win.cc, line 332
[Child 14396, Chro1623890580769	geckodriver	INFO	Listening on 127.0.0.1:55762
1623890583701	mozrunner::runner	INFO	Running command: "C:\\Program Files\\Mozilla Firefox\\firefox.exe" "--marionette" "--headless" "-foreground" "-no-remote" "-profile" "C:\\Users\\Tanelmga\\AppData\\Local\\Temp\\rust_mozprofileGrbk4Z"
*** You are running in headless mode.
1623890583997	addons.webextension.screenshots@mozilla.org	WARN	Loading extension 'screenshots@mozilla.org': Reading manifest: Invalid extension permission: mozillaAddons
1623890583997	addons.webextension.screenshots@mozilla.org	WARN	Loading extension 'screenshots@mozilla.org': Reading manifest: Invalid extension permission: resource://pdf.js/
1623890583997	addons.webextension.screenshots@mozilla.org	WARN	Loading extension 'screenshots@mozilla.org': Reading manifest: Invalid extension permission: about:reader*
1623890584741	Marionette	INFO	Listening on port 55771
1623890585209	Marionette	WARN	TLS certificate errors will be ignored for this session
JavaScript warning: http://www.swatchclock.com/js/jquery-2.0.3.min.js, line 2: Using //@ to indicate sourceMappingURL pragmas is deprecated. Use //# instead
1623890586006	Marionette	INFO	Stopped listening on port 55771
[Child 11916, Chrome_ChildThread] WARNING: pipe error: 109: file z:/build/build/src/ipc/chromium/src/chrome/common/ipc_channel_win.cc, line 332
[Child 11916, Chrome_Child[Child 21876, Chrome_ChildThread] WARNING: pipe error: 109: file z:/build/build/src/ipc/chromium/src/chrome/common/ipc_channel_win.cc, line 332
[Child 21876, Chrome_ChildThread[Child 7836, Chrome_ChildThread] WARNING: pipe error: 109: file z:/build/build/src/ipc/chromium/src/chrome/common/ipc_channel_win.cc, line 332
[Child 7836, Chrome_Child1628283162908	geckodriver	INFO	Listening on 127.0.0.1:50317
1628283165831	mozrunner::runner	INFO	Running command: "C:\\Program Files\\Mozilla Firefox\\firefox.exe" "--marionette" "--headless" "-foreground" "-no-remote" "-profile" "C:\\Users\\Tanelmga\\AppData\\Local\\Temp\\rust_mozprofileeeric8"
*** You are running in headless mode.
1628283166476	addons.webextension.screenshots@mozilla.org	WARN	Loading extension 'screenshots@mozilla.org': Reading manifest: Invalid extension permission: mozillaAddons
1628283166476	addons.webextension.screenshots@mozilla.org	WARN	Loading extension 'screenshots@mozilla.org': Reading manifest: Invalid extension permission: resource://pdf.js/
1628283166476	addons.webextension.screenshots@mozilla.org	WARN	Loading extension 'screenshots@mozilla.org': Reading manifest: Invalid extension permission: about:reader*
1628283167642	Marionette	INFO	Listening on port 50325
1628283167845	Marionette	WARN	TLS certificate errors will be ignored for this session
JavaScript warning: http://www.swatchclock.com/js/jquery-2.0.3.min.js, line 2: Using //@ to indicate sourceMappingURL pragmas is deprecated. Use //# instead
1628283168742	Marionette	INFO	Stopped listening on port 50325
[Child 29836, Chrome_ChildThread] WARNING: pipe error: 109: file z:/build/build/src/ipc/chromium/src/chrome/common/ipc_channel_win.cc, line 332
[Child 29836, Chrome_ChildThre[Child 48872, Chrome_ChildThread] WARNING: pipe error: 109: file z:/build/build/src/ipc/chromium/src/chrome/common/ipc_channel_win.cc, line 332
[Child 48872, Chrome_Ch[Parent 23532, Gecko_IOThread] WARNING: pipe error: 109: file z:/build/build/src/ipc/chromium/src/chrome/common/ipc_channel_win.cc, line 332
[Child 34800, Chrome_ChildThread] WARNING: pipe error: 109: file z:/build/build/src/ipc/chromium/src/chrome/common/ipc_channel_win.cc, line 332
[Child 34800, Chrome_Chi